Using pre-set license
Built from '2022.3/staging' branch; Version is '2022.3.17f1 (4fc78088f837) revision 5228416'; Using compiler version '192829333'; Build Type 'Release'
OS: 'Windows 10  (10.0.19045) 64bit Professional' Language: 'ko' Physical Memory: 8092 MB
BatchMode: 1, IsHumanControllingUs: 0, StartBugReporterOnCrash: 0, Is64bit: 1, IsPro: 1

COMMAND LINE ARGUMENTS:
D:\game\Unity\2022.3.17f1\Editor\Unity.exe
-adb2
-batchMode
-noUpm
-name
AssetImportWorker0
-projectPath
D:/game/Unity/lyh/Program
-logFile
Logs/AssetImportWorker0.log
-srvPort
61128
Successfully changed project path to: D:/game/Unity/lyh/Program
D:/game/Unity/lyh/Program
[UnityMemory] Configuration Parameters - Can be set up in boot.config
    "memorysetup-bucket-allocator-granularity=16"
    "memorysetup-bucket-allocator-bucket-count=8"
    "memorysetup-bucket-allocator-block-size=33554432"
    "memorysetup-bucket-allocator-block-count=8"
    "memorysetup-main-allocator-block-size=16777216"
    "memorysetup-thread-allocator-block-size=16777216"
    "memorysetup-gfx-main-allocator-block-size=16777216"
    "memorysetup-gfx-thread-allocator-block-size=16777216"
    "memorysetup-cache-allocator-block-size=4194304"
    "memorysetup-typetree-allocator-block-size=2097152"
    "memorysetup-profiler-bucket-allocator-granularity=16"
    "memorysetup-profiler-bucket-allocator-bucket-count=8"
    "memorysetup-profiler-bucket-allocator-block-size=33554432"
    "memorysetup-profiler-bucket-allocator-block-count=8"
    "memorysetup-profiler-allocator-block-size=16777216"
    "memorysetup-profiler-editor-allocator-block-size=1048576"
    "memorysetup-temp-allocator-size-main=16777216"
    "memorysetup-job-temp-allocator-block-size=2097152"
    "memorysetup-job-temp-allocator-block-size-background=1048576"
    "memorysetup-job-temp-allocator-reduction-small-platforms=262144"
    "memorysetup-allocator-temp-initial-block-size-main=262144"
    "memorysetup-allocator-temp-initial-block-size-worker=262144"
    "memorysetup-temp-allocator-size-background-worker=32768"
    "memorysetup-temp-allocator-size-job-worker=262144"
    "memorysetup-temp-allocator-size-preload-manager=33554432"
    "memorysetup-temp-allocator-size-nav-mesh-worker=65536"
    "memorysetup-temp-allocator-size-audio-worker=65536"
    "memorysetup-temp-allocator-size-cloud-worker=32768"
    "memorysetup-temp-allocator-size-gi-baking-worker=262144"
    "memorysetup-temp-allocator-size-gfx=262144"
Player connection [15904] Host "[IP] 175.200.173.124 [Port] 0 [Flags] 2 [Guid] 2881812446 [EditorId] 2881812446 [Version] 1048832 [Id] WindowsEditor(7,DESKTOP-KNMMD5S) [Debug] 1 [PackageName] WindowsEditor [ProjectName] Editor" joined multi-casting on [225.0.0.222:54997]...

Player connection [15904] Host "[IP] 175.200.173.124 [Port] 0 [Flags] 2 [Guid] 2881812446 [EditorId] 2881812446 [Version] 1048832 [Id] WindowsEditor(7,DESKTOP-KNMMD5S) [Debug] 1 [PackageName] WindowsEditor [ProjectName] Editor" joined alternative multi-casting on [225.0.0.222:34997]...

[Physics::Module] Initialized MultithreadedJobDispatcher with 3 workers.
Refreshing native plugins compatible for Editor in 34.76 ms, found 3 plugins.
Preloading 0 native plugins for Editor in 0.00 ms.
Initialize engine version: 2022.3.17f1 (4fc78088f837)
[Subsystems] Discovering subsystems at path D:/game/Unity/2022.3.17f1/Editor/Data/Resources/UnitySubsystems
[Subsystems] Discovering subsystems at path D:/game/Unity/lyh/Program/Assets
GfxDevice: creating device client; threaded=0; jobified=0
Direct3D:
    Version:  Direct3D 11.0 [level 11.1]
    Renderer: NVIDIA GeForce GTX 1050 Ti (ID=0x1c82)
    Vendor:   NVIDIA
    VRAM:     4017 MB
    Driver:   31.0.15.3623
Initialize mono
Mono path[0] = 'D:/game/Unity/2022.3.17f1/Editor/Data/Managed'
Mono path[1] = 'D:/game/Unity/2022.3.17f1/Editor/Data/MonoBleedingEdge/lib/mono/unityjit-win32'
Mono config path = 'D:/game/Unity/2022.3.17f1/Editor/Data/MonoBleedingEdge/etc'
Using monoOptions --debugger-agent=transport=dt_socket,embedding=1,server=y,suspend=n,address=127.0.0.1:56096
Begin MonoManager ReloadAssembly
Registering precompiled unity dll's ...
Register platform support module: D:/game/Unity/2022.3.17f1/Editor/Data/PlaybackEngines/AndroidPlayer/UnityEditor.Android.Extensions.dll
Register platform support module: D:/game/Unity/2022.3.17f1/Editor/Data/PlaybackEngines/iOSSupport/UnityEditor.iOS.Extensions.dll
Register platform support module: D:/game/Unity/2022.3.17f1/Editor/Data/PlaybackEngines/WindowsStandaloneSupport/UnityEditor.WindowsStandalone.Extensions.dll
Registered in 0.027478 seconds.
- Loaded All Assemblies, in  1.116 seconds
Native extension for WindowsStandalone target not found
[usbmuxd] Start listen thread
[usbmuxd] Listen thread started
Native extension for iOS target not found
Native extension for Android target not found
Android Extension - Scanning For ADB Devices 1066 ms
Mono: successfully reloaded assembly
- Finished resetting the current domain, in  1.735 seconds
Domain Reload Profiling: 2844ms
	BeginReloadAssembly (292ms)
		ExecutionOrderSort (0ms)
		DisableScriptedObjects (0ms)
		BackupInstance (0ms)
		ReleaseScriptingObjects (0ms)
		CreateAndSetChildDomain (1ms)
	RebuildCommonClasses (67ms)
	RebuildNativeTypeToScriptingClass (17ms)
	initialDomainReloadingComplete (257ms)
	LoadAllAssembliesAndSetupDomain (474ms)
		LoadAssemblies (310ms)
		RebuildTransferFunctionScriptingTraits (0ms)
		AnalyzeDomain (450ms)
			TypeCache.Refresh (448ms)
				TypeCache.ScanAssembly (422ms)
			ScanForSourceGeneratedMonoScriptInfo (0ms)
			ResolveRequiredComponents (1ms)
	FinalizeReload (1736ms)
		ReleaseScriptCaches (0ms)
		RebuildScriptCaches (0ms)
		SetupLoadedEditorAssemblies (1578ms)
			LogAssemblyErrors (0ms)
			InitializePlatformSupportModulesInManaged (1281ms)
			SetLoadedEditorAssemblies (5ms)
			RefreshPlugins (0ms)
			BeforeProcessingInitializeOnLoad (4ms)
			ProcessInitializeOnLoadAttributes (191ms)
			ProcessInitializeOnLoadMethodAttributes (96ms)
			AfterProcessingInitializeOnLoad (0ms)
			EditorAssembliesLoaded (0ms)
		ExecutionOrderSort2 (0ms)
		AwakeInstancesAfterBackupRestoration (0ms)
========================================================================
Worker process is ready to serve import requests
Begin MonoManager ReloadAssembly
- Loaded All Assemblies, in  1.082 seconds
Refreshing native plugins compatible for Editor in 5.22 ms, found 3 plugins.
Native extension for WindowsStandalone target not found
Native extension for iOS target not found
Native extension for Android target not found
Package Manager log level set to [2]
[Package Manager] Server::EnsureServerProcessIsRunning -- launch failed, reason: Unity was launched with the -noUpm command-line argument
[Package Manager] UpmClient::Send -- Unable to send message (not connected to UPM process).
[Package Manager] Cannot connect to Unity Package Manager local server
Mono: successfully reloaded assembly
- Finished resetting the current domain, in  1.046 seconds
Domain Reload Profiling: 2124ms
	BeginReloadAssembly (289ms)
		ExecutionOrderSort (0ms)
		DisableScriptedObjects (8ms)
		BackupInstance (0ms)
		ReleaseScriptingObjects (0ms)
		CreateAndSetChildDomain (33ms)
	RebuildCommonClasses (50ms)
	RebuildNativeTypeToScriptingClass (15ms)
	initialDomainReloadingComplete (70ms)
	LoadAllAssembliesAndSetupDomain (654ms)
		LoadAssemblies (553ms)
		RebuildTransferFunctionScriptingTraits (0ms)
		AnalyzeDomain (276ms)
			TypeCache.Refresh (241ms)
				TypeCache.ScanAssembly (214ms)
			ScanForSourceGeneratedMonoScriptInfo (25ms)
			ResolveRequiredComponents (8ms)
	FinalizeReload (1047ms)
		ReleaseScriptCaches (0ms)
		RebuildScriptCaches (0ms)
		SetupLoadedEditorAssemblies (667ms)
			LogAssemblyErrors (0ms)
			InitializePlatformSupportModulesInManaged (59ms)
			SetLoadedEditorAssemblies (5ms)
			RefreshPlugins (0ms)
			BeforeProcessingInitializeOnLoad (100ms)
			ProcessInitializeOnLoadAttributes (463ms)
			ProcessInitializeOnLoadMethodAttributes (30ms)
			AfterProcessingInitializeOnLoad (10ms)
			EditorAssembliesLoaded (0ms)
		ExecutionOrderSort2 (0ms)
		AwakeInstancesAfterBackupRestoration (37ms)
Launched and connected shader compiler UnityShaderCompiler.exe after 0.14 seconds
Refreshing native plugins compatible for Editor in 6.14 ms, found 3 plugins.
Preloading 0 native plugins for Editor in 0.00 ms.
Unloading 3093 Unused Serialized files (Serialized files now loaded: 0)
Unloading 32 unused Assets / (56.8 KB). Loaded Objects now: 3557.
Memory consumption went from 132.2 MB to 132.1 MB.
Total: 4.083600 ms (FindLiveObjects: 0.303800 ms CreateObjectMapping: 0.158700 ms MarkObjects: 3.495500 ms  DeleteObjects: 0.124000 ms)

AssetImportParameters requested are different than current active one (requested -> active):
  custom:container-demuxer-ogg: 62fdf1f143b41e24485cea50d1cbac27 -> 
  custom:video-codec-MediaFoundation-h265: 746d11721c4dcdbdad8f713fa42b33f4 -> 
  custom:video-decoder-ogg-theora: a1e56fd34408186e4bbccfd4996cb3dc -> 
  custom:framework-win-MediaFoundation: 216162199b28c13a410421893ffa2e32 -> 
  custom:CustomObjectIndexerAttribute: 6d391050e5a25f67b0a2c618074f2cd9 -> 
  custom:container-demuxer-webm: 4f35f7cbe854078d1ac9338744f61a02 -> 
  custom:container-muxer-webm: aa71ff27fc2769a1b78a27578f13a17b -> 
  custom:video-decoder-webm-vp8: 9c59270c3fd7afecdb556c50c9e8de78 -> 
  custom:SearchIndexIgnoredProperties: e643bd26f0fe6173181afceb89e7c659 -> 
  custom:AudioImporter_EditorPlatform: d09bf68614088b80899f8185d706f6e7 -> 
  custom:video-encoder-webm-vp8: eb34c28f22e8b96e1ab97ce403110664 -> 
  custom:audio-decoder-ogg-vorbis: bf7c407c2cedff20999df2af8eb42d56 -> 
  custom:audio-encoder-webm-vorbis: bf7c407c2cedff20999df2af8eb42d56 -> 
========================================================================
Received Import Request.
  Time since last request: 10815.259597 seconds.
  path: Assets/Class 2th (
  artifactKey: Guid(8eec8dc5ec9483548861a1c257ada789) Importer(815301076,1909f56bfc062723c751e8b465ee728b)
Start importing Assets/Class 2th ( using Guid(8eec8dc5ec9483548861a1c257ada789) Importer(815301076,1909f56bfc062723c751e8b465ee728b)  -> (artifact id: 'b7c6742d6fd43bce1806e9d0ef872917') in 0.011971 seconds
Number of updated asset objects reloaded before import = 0
Number of asset objects unloaded after import = 0
========================================================================
Received Import Request.
  Time since last request: 7.621450 seconds.
  path: Assets/Class 2th (Export pa
  artifactKey: Guid(8eec8dc5ec9483548861a1c257ada789) Importer(815301076,1909f56bfc062723c751e8b465ee728b)
Start importing Assets/Class 2th (Export pa using Guid(8eec8dc5ec9483548861a1c257ada789) Importer(815301076,1909f56bfc062723c751e8b465ee728b)  -> (artifact id: '9c4746aeacb53d69220445d36d072a18') in 0.005105 seconds
Number of updated asset objects reloaded before import = 0
Number of asset objects unloaded after import = 0
========================================================================
Received Import Request.
  Time since last request: 19.775865 seconds.
  path: Assets/Class 2th (Export pakagepa
  artifactKey: Guid(8eec8dc5ec9483548861a1c257ada789) Importer(815301076,1909f56bfc062723c751e8b465ee728b)
Start importing Assets/Class 2th (Export pakagepa using Guid(8eec8dc5ec9483548861a1c257ada789) Importer(815301076,1909f56bfc062723c751e8b465ee728b)  -> (artifact id: 'd66f31a338b6421e25a02a71c6f039df') in 0.003295 seconds
Number of updated asset objects reloaded before import = 0
Number of asset objects unloaded after import = 0
========================================================================
Received Import Request.
  Time since last request: 12.022900 seconds.
  path: Assets/Class 2th (Export Packagepa
  artifactKey: Guid(8eec8dc5ec9483548861a1c257ada789) Importer(815301076,1909f56bfc062723c751e8b465ee728b)
Start importing Assets/Class 2th (Export Packagepa using Guid(8eec8dc5ec9483548861a1c257ada789) Importer(815301076,1909f56bfc062723c751e8b465ee728b)  -> (artifact id: 'fd5d0f6f6766c0abc0e4c68ee5d3cd70') in 0.001792 seconds
Number of updated asset objects reloaded before import = 0
Number of asset objects unloaded after import = 0
========================================================================
Received Import Request.
  Time since last request: 12.782040 seconds.
  path: Assets/Class 2th (Export Packagepa/Sims
  artifactKey: Guid(68727ef8e79ac9d408299591f820b0e2) Importer(815301076,1909f56bfc062723c751e8b465ee728b)
Start importing Assets/Class 2th (Export Packagepa/Sims using Guid(68727ef8e79ac9d408299591f820b0e2) Importer(815301076,1909f56bfc062723c751e8b465ee728b)  -> (artifact id: 'd1af32b86cc0ed44842d834b26386869') in 0.001047 seconds
Number of updated asset objects reloaded before import = 0
Number of asset objects unloaded after import = 0
========================================================================
Received Import Request.
  Time since last request: 6.037787 seconds.
  path: Assets/Class 2th (Export Packagepa/Scenes
  artifactKey: Guid(68727ef8e79ac9d408299591f820b0e2) Importer(815301076,1909f56bfc062723c751e8b465ee728b)
Start importing Assets/Class 2th (Export Packagepa/Scenes using Guid(68727ef8e79ac9d408299591f820b0e2) Importer(815301076,1909f56bfc062723c751e8b465ee728b)  -> (artifact id: 'a0c329826b4957d6b1e48112dd594e00') in 0.000635 seconds
Number of updated asset objects reloaded before import = 0
Number of asset objects unloaded after import = 0
========================================================================
Received Import Request.
  Time since last request: 16.986384 seconds.
  path: Assets/Class 2th (Export Packagepa/Scenes/New Scene.unity
  artifactKey: Guid(bd7da6ec8a766ff4892cf2bed27bc02f) Importer(815301076,1909f56bfc062723c751e8b465ee728b)
Start importing Assets/Class 2th (Export Packagepa/Scenes/New Scene.unity using Guid(bd7da6ec8a766ff4892cf2bed27bc02f) Importer(815301076,1909f56bfc062723c751e8b465ee728b)  -> (artifact id: '89de19b78c055e0aa4380bf4e2c32caf') in 0.000663 seconds
Number of updated asset objects reloaded before import = 0
Number of asset objects unloaded after import = 0
========================================================================
Received Import Request.
  Time since last request: 4.892967 seconds.
  path: Assets/Class 2th (Export Packagepa/Scenes/Scene.unity
  artifactKey: Guid(bd7da6ec8a766ff4892cf2bed27bc02f) Importer(815301076,1909f56bfc062723c751e8b465ee728b)
Start importing Assets/Class 2th (Export Packagepa/Scenes/Scene.unity using Guid(bd7da6ec8a766ff4892cf2bed27bc02f) Importer(815301076,1909f56bfc062723c751e8b465ee728b)  -> (artifact id: '96f6a93938e48771939ab67abcea9312') in 0.002623 seconds
Number of updated asset objects reloaded before import = 0
Number of asset objects unloaded after import = 0
========================================================================
Received Import Request.
  Time since last request: 441.791519 seconds.
  path: Assets/Class 2th (Export Packagepa/Raptor3D
  artifactKey: Guid(becd73bf00136ae4f89e3e29282f4283) Importer(815301076,1909f56bfc062723c751e8b465ee728b)
Start importing Assets/Class 2th (Export Packagepa/Raptor3D using Guid(becd73bf00136ae4f89e3e29282f4283) Importer(815301076,1909f56bfc062723c751e8b465ee728b)  -> (artifact id: 'da2522a78b5dcb8f9080c9b216806f33') in 0.001494 seconds
Number of updated asset objects reloaded before import = 0
Number of asset objects unloaded after import = 0
========================================================================
Received Import Request.
  Time since last request: 0.547655 seconds.
  path: Assets/Class 2th (Export Packagepa/Raptor3D/FA_N26
  artifactKey: Guid(27d3329f8871a024f938ab1e4c201614) Importer(815301076,1909f56bfc062723c751e8b465ee728b)
Start importing Assets/Class 2th (Export Packagepa/Raptor3D/FA_N26 using Guid(27d3329f8871a024f938ab1e4c201614) Importer(815301076,1909f56bfc062723c751e8b465ee728b)  -> (artifact id: '1279d679c7c12e8d7190677bad245335') in 0.000675 seconds
Number of updated asset objects reloaded before import = 0
Number of asset objects unloaded after import = 0
========================================================================
Received Import Request.
  Time since last request: 0.819446 seconds.
  path: Assets/Class 2th (Export Packagepa/Raptor3D/FA_N26/0_Mesh
  artifactKey: Guid(94dc8cb2efbe8a24fa376ddc7f75dba6) Importer(815301076,1909f56bfc062723c751e8b465ee728b)
Start importing Assets/Class 2th (Export Packagepa/Raptor3D/FA_N26/0_Mesh using Guid(94dc8cb2efbe8a24fa376ddc7f75dba6) Importer(815301076,1909f56bfc062723c751e8b465ee728b)  -> (artifact id: 'd7c0624c85e7ea82be21156daf4f1f0b') in 0.000830 seconds
Number of updated asset objects reloaded before import = 0
Number of asset objects unloaded after import = 0
========================================================================
Received Import Request.
  Time since last request: 0.078081 seconds.
  path: Assets/Class 2th (Export Packagepa/Raptor3D/FA_N26/0_Mesh/FA_N26_LE.fbx
  artifactKey: Guid(5ab91b88b105e8f4885f0a90b3738878) Importer(815301076,1909f56bfc062723c751e8b465ee728b)
Start importing Assets/Class 2th (Export Packagepa/Raptor3D/FA_N26/0_Mesh/FA_N26_LE.fbx using Guid(5ab91b88b105e8f4885f0a90b3738878) Importer(815301076,1909f56bfc062723c751e8b465ee728b)  -> (artifact id: 'eab314f2232d28b5546d9a6f90ab9856') in 0.510191 seconds
Number of updated asset objects reloaded before import = 0
Number of asset objects unloaded after import = 36
========================================================================
Received Import Request.
  Time since last request: 33.236099 seconds.
  path: Assets/Class 2th (Export Packagepa/Raptor3D/FA_N26/0_Prefabs
  artifactKey: Guid(c94e167aed6ea2f4b81f534be64e5964) Importer(815301076,1909f56bfc062723c751e8b465ee728b)
Start importing Assets/Class 2th (Export Packagepa/Raptor3D/FA_N26/0_Prefabs using Guid(c94e167aed6ea2f4b81f534be64e5964) Importer(815301076,1909f56bfc062723c751e8b465ee728b)  -> (artifact id: 'f487a0d9c7b5feba616ff6bc00e72eac') in 0.001667 seconds
Number of updated asset objects reloaded before import = 0
Number of asset objects unloaded after import = 0
========================================================================
Received Import Request.
  Time since last request: 0.058532 seconds.
  path: Assets/Class 2th (Export Packagepa/Raptor3D/FA_N26/0_Prefabs/FA_N26_LE_Prefab.prefab
  artifactKey: Guid(a5bba4471f2b885428541314bad7877b) Importer(815301076,1909f56bfc062723c751e8b465ee728b)
Start importing Assets/Class 2th (Export Packagepa/Raptor3D/FA_N26/0_Prefabs/FA_N26_LE_Prefab.prefab using Guid(a5bba4471f2b885428541314bad7877b) Importer(815301076,1909f56bfc062723c751e8b465ee728b)  -> (artifact id: '9bd601c652a0dca5be71577635f78a3a') in 0.110474 seconds
Number of updated asset objects reloaded before import = 0
Number of asset objects unloaded after import = 80
========================================================================
Received Import Request.
  Time since last request: 1016.522933 seconds.
  path: Assets/Class 2th (Export Packagepa/Raptor3D/FA_N26/Materials/LOD5
  artifactKey: Guid(379f7566f2d3d62418acf932bcb6dac1) Importer(815301076,1909f56bfc062723c751e8b465ee728b)
Start importing Assets/Class 2th (Export Packagepa/Raptor3D/FA_N26/Materials/LOD5 using Guid(379f7566f2d3d62418acf932bcb6dac1) Importer(815301076,1909f56bfc062723c751e8b465ee728b)  -> (artifact id: 'a4b9ca8bbb04bf531a62398b94bd9846') in 0.001159 seconds
Number of updated asset objects reloaded before import = 0
Number of asset objects unloaded after import = 0
========================================================================
Received Import Request.
  Time since last request: 0.002279 seconds.
  path: Assets/Class 2th (Export Packagepa/Raptor3D/FA_N26/Textures/LOD4/0_Main
  artifactKey: Guid(d046a608f524ec64c9259d2f8b23734a) Importer(815301076,1909f56bfc062723c751e8b465ee728b)
Start importing Assets/Class 2th (Export Packagepa/Raptor3D/FA_N26/Textures/LOD4/0_Main using Guid(d046a608f524ec64c9259d2f8b23734a) Importer(815301076,1909f56bfc062723c751e8b465ee728b)  -> (artifact id: 'b2d02f898fe44764c995614180b1d234') in 0.000847 seconds
Number of updated asset objects reloaded before import = 0
Number of asset objects unloaded after import = 0
========================================================================
Received Import Request.
  Time since last request: 0.003427 seconds.
  path: Assets/Class 2th (Export Packagepa/Raptor3D/FA_N26/Materials/LOD4/0_Main/Main_V1_Mat.mat
  artifactKey: Guid(76f557403c52c1044a397791ada0d1d1) Importer(815301076,1909f56bfc062723c751e8b465ee728b)
Start importing Assets/Class 2th (Export Packagepa/Raptor3D/FA_N26/Materials/LOD4/0_Main/Main_V1_Mat.mat using Guid(76f557403c52c1044a397791ada0d1d1) Importer(815301076,1909f56bfc062723c751e8b465ee728b)  -> (artifact id: 'd88b6ffc1db7b66b3ecc9300f9e7d3dd') in 0.014700 seconds
Number of updated asset objects reloaded before import = 0
Number of asset objects unloaded after import = 3
========================================================================
Received Import Request.
  Time since last request: 0.043765 seconds.
  path: Assets/Class 2th (Export Packagepa/Raptor3D/FA_N26/Materials/LOD5/0_Main/Main_V2_Mat.mat
  artifactKey: Guid(e26b5e88e9679784fa16a3644a4b8290) Importer(815301076,1909f56bfc062723c751e8b465ee728b)
Start importing Assets/Class 2th (Export Packagepa/Raptor3D/FA_N26/Materials/LOD5/0_Main/Main_V2_Mat.mat using Guid(e26b5e88e9679784fa16a3644a4b8290) Importer(815301076,1909f56bfc062723c751e8b465ee728b)  -> (artifact id: '909f764a513afdd455b38967e4e0de1d') in 0.014591 seconds
Number of updated asset objects reloaded before import = 0
Number of asset objects unloaded after import = 3
========================================================================
Received Import Request.
  Time since last request: 0.020913 seconds.
  path: Assets/Class 2th (Export Packagepa/Raptor3D/FA_N26/Textures/LOD5/0_Main/FA_N26_LOD5_Camo_3.png
  artifactKey: Guid(8b88905f86168f14da9f98917d3ef0f4) Importer(815301076,1909f56bfc062723c751e8b465ee728b)
Start importing Assets/Class 2th (Export Packagepa/Raptor3D/FA_N26/Textures/LOD5/0_Main/FA_N26_LOD5_Camo_3.png using Guid(8b88905f86168f14da9f98917d3ef0f4) Importer(815301076,1909f56bfc062723c751e8b465ee728b)  -> (artifact id: '661699ffa8da35cfaf2e2d314fba8e95') in 0.105787 seconds
Number of updated asset objects reloaded before import = 0
Number of asset objects unloaded after import = 2
========================================================================
Received Import Request.
  Time since last request: 0.004417 seconds.
  path: Assets/Class 2th (Export Packagepa/Raptor3D/FA_N26/Textures/LOD5/0_Main/FA_N26_LOD5_Camo_1.png
  artifactKey: Guid(2b397a74966461e4ca2cfb4928757200) Importer(815301076,1909f56bfc062723c751e8b465ee728b)
Start importing Assets/Class 2th (Export Packagepa/Raptor3D/FA_N26/Textures/LOD5/0_Main/FA_N26_LOD5_Camo_1.png using Guid(2b397a74966461e4ca2cfb4928757200) Importer(815301076,1909f56bfc062723c751e8b465ee728b)  -> (artifact id: '2079060092c6e96756dcacf38d5c2c74') in 0.020439 seconds
Number of updated asset objects reloaded before import = 0
Number of asset objects unloaded after import = 2
========================================================================
Received Import Request.
  Time since last request: 0.004414 seconds.
  path: Assets/Class 2th (Export Packagepa/Raptor3D/FA_N26/Materials/LOD4/0_Main/Main_V2_Mat.mat
  artifactKey: Guid(fb5940b119f5ee04a8fe9aa5afe9c22c) Importer(815301076,1909f56bfc062723c751e8b465ee728b)
Start importing Assets/Class 2th (Export Packagepa/Raptor3D/FA_N26/Materials/LOD4/0_Main/Main_V2_Mat.mat using Guid(fb5940b119f5ee04a8fe9aa5afe9c22c) Importer(815301076,1909f56bfc062723c751e8b465ee728b)  -> (artifact id: '826efba97cfadb6e8fea2b7e6f5d5989') in 0.013650 seconds
Number of updated asset objects reloaded before import = 0
Number of asset objects unloaded after import = 3
========================================================================
Received Import Request.
  Time since last request: 0.002280 seconds.
  path: Assets/Class 2th (Export Packagepa/Raptor3D/FA_N26/Scenes/Terrain.mat
  artifactKey: Guid(ef748e7a44cb23244956ad1523a8a500) Importer(815301076,1909f56bfc062723c751e8b465ee728b)
Start importing Assets/Class 2th (Export Packagepa/Raptor3D/FA_N26/Scenes/Terrain.mat using Guid(ef748e7a44cb23244956ad1523a8a500) Importer(815301076,1909f56bfc062723c751e8b465ee728b)  -> (artifact id: '9d64f0d7fed98cd9c38afac9bfd09682') in 0.008322 seconds
Number of updated asset objects reloaded before import = 0
Number of asset objects unloaded after import = 1
========================================================================
Received Import Request.
  Time since last request: 0.006385 seconds.
  path: Assets/Class 2th (Export Packagepa/Raptor3D/FA_N26/Textures/LOD4/0_Main/FA_N26_LOD4_Camo_3.png
  artifactKey: Guid(214e630928724af41b3486e0dae17c6c) Importer(815301076,1909f56bfc062723c751e8b465ee728b)
Start importing Assets/Class 2th (Export Packagepa/Raptor3D/FA_N26/Textures/LOD4/0_Main/FA_N26_LOD4_Camo_3.png using Guid(214e630928724af41b3486e0dae17c6c) Importer(815301076,1909f56bfc062723c751e8b465ee728b)  -> (artifact id: '3db20c06eb16e00d0f395bacb861cf14') in 0.025921 seconds
Number of updated asset objects reloaded before import = 0
Number of asset objects unloaded after import = 2
========================================================================
Received Import Request.
  Time since last request: 0.004614 seconds.
  path: Assets/Class 2th (Export Packagepa/Raptor3D/FA_N26/Textures/LOD4/0_Main/FA_N26_LOD4_Camo_5.png
  artifactKey: Guid(eea1de0ba7108ad448a6cdf20683b977) Importer(815301076,1909f56bfc062723c751e8b465ee728b)
Start importing Assets/Class 2th (Export Packagepa/Raptor3D/FA_N26/Textures/LOD4/0_Main/FA_N26_LOD4_Camo_5.png using Guid(eea1de0ba7108ad448a6cdf20683b977) Importer(815301076,1909f56bfc062723c751e8b465ee728b)  -> (artifact id: '23f8e87052573fbf4b977bd9cf6e5ff1') in 0.017922 seconds
Number of updated asset objects reloaded before import = 0
Number of asset objects unloaded after import = 2
========================================================================
Received Import Request.
  Time since last request: 0.004832 seconds.
  path: Assets/Class 2th (Export Packagepa/Raptor3D/FA_N26/Textures/LOD5/0_Main/FA_N26_LOD5_Camo_2.png
  artifactKey: Guid(2e915226033465c4382d2bc6765664ed) Importer(815301076,1909f56bfc062723c751e8b465ee728b)
Start importing Assets/Class 2th (Export Packagepa/Raptor3D/FA_N26/Textures/LOD5/0_Main/FA_N26_LOD5_Camo_2.png using Guid(2e915226033465c4382d2bc6765664ed) Importer(815301076,1909f56bfc062723c751e8b465ee728b)  -> (artifact id: '9defe0727437d539ea792ce24ce1bf4b') in 0.019255 seconds
Number of updated asset objects reloaded before import = 0
Number of asset objects unloaded after import = 2
========================================================================
Received Import Request.
  Time since last request: 0.005435 seconds.
  path: Assets/Class 2th (Export Packagepa/Raptor3D/FA_N26/Scenes/Scene_Texture
  artifactKey: Guid(2fa1aa4c6f41d9d4f9b6bfb1e7764566) Importer(815301076,1909f56bfc062723c751e8b465ee728b)
Start importing Assets/Class 2th (Export Packagepa/Raptor3D/FA_N26/Scenes/Scene_Texture using Guid(2fa1aa4c6f41d9d4f9b6bfb1e7764566) Importer(815301076,1909f56bfc062723c751e8b465ee728b)  -> (artifact id: '3d5dc1e11f8f3ee1a3045b737f0e82f1') in 0.000668 seconds
Number of updated asset objects reloaded before import = 0
Number of asset objects unloaded after import = 0
========================================================================
Received Import Request.
  Time since last request: 0.003971 seconds.
  path: Assets/Class 2th (Export Packagepa/Raptor3D/FA_N26/Textures/LOD5/0_Main/FA_N26_LOD5_Camo_4.png
  artifactKey: Guid(6fb6aad44edcca341b48ebf3842a3146) Importer(815301076,1909f56bfc062723c751e8b465ee728b)
Start importing Assets/Class 2th (Export Packagepa/Raptor3D/FA_N26/Textures/LOD5/0_Main/FA_N26_LOD5_Camo_4.png using Guid(6fb6aad44edcca341b48ebf3842a3146) Importer(815301076,1909f56bfc062723c751e8b465ee728b)  -> (artifact id: '757ad490e78f974a19c90219f54e8ac2') in 0.019219 seconds
Number of updated asset objects reloaded before import = 0
Number of asset objects unloaded after import = 2
========================================================================
Received Import Request.
  Time since last request: 0.004746 seconds.
  path: Assets/Class 2th (Export Packagepa/Raptor3D/FA_N26/Textures/LOD4/0_Main/FA_N26_LOD4_Camo_2.png
  artifactKey: Guid(4a4ab87b309db574799a16cf3f542924) Importer(815301076,1909f56bfc062723c751e8b465ee728b)
Start importing Assets/Class 2th (Export Packagepa/Raptor3D/FA_N26/Textures/LOD4/0_Main/FA_N26_LOD4_Camo_2.png using Guid(4a4ab87b309db574799a16cf3f542924) Importer(815301076,1909f56bfc062723c751e8b465ee728b)  -> (artifact id: '48d8396637228aa3c4b426646ed2d488') in 0.020851 seconds
Number of updated asset objects reloaded before import = 0
Number of asset objects unloaded after import = 2
========================================================================
Received Import Request.
  Time since last request: 0.005765 seconds.
  path: Assets/Class 2th (Export Packagepa/Raptor3D/FA_N26/Materials/LOD5/0_Main/Main_V0_Mat.mat
  artifactKey: Guid(e55e2dc47f7c5f042bf77c653ddd10eb) Importer(815301076,1909f56bfc062723c751e8b465ee728b)
Start importing Assets/Class 2th (Export Packagepa/Raptor3D/FA_N26/Materials/LOD5/0_Main/Main_V0_Mat.mat using Guid(e55e2dc47f7c5f042bf77c653ddd10eb) Importer(815301076,1909f56bfc062723c751e8b465ee728b)  -> (artifact id: '2ee3a79e03d78ffeea338124e6b0ff6f') in 0.011174 seconds
Number of updated asset objects reloaded before import = 0
Number of asset objects unloaded after import = 3
========================================================================
Received Import Request.
  Time since last request: 0.004032 seconds.
  path: Assets/Class 2th (Export Packagepa/Raptor3D/FA_N26/Materials/LOD4/0_Main/Main_V0_Mat.mat
  artifactKey: Guid(c187eb6ea71cb6f45aecca3fc4ad0bab) Importer(815301076,1909f56bfc062723c751e8b465ee728b)
Start importing Assets/Class 2th (Export Packagepa/Raptor3D/FA_N26/Materials/LOD4/0_Main/Main_V0_Mat.mat using Guid(c187eb6ea71cb6f45aecca3fc4ad0bab) Importer(815301076,1909f56bfc062723c751e8b465ee728b)  -> (artifact id: '48bfc6595ad6ad353e451feb002f5366') in 0.012238 seconds
Number of updated asset objects reloaded before import = 0
Number of asset objects unloaded after import = 3
========================================================================
Received Import Request.
  Time since last request: 0.030286 seconds.
  path: Assets/Class 2th (Export Packagepa/Raptor3D/FA_N26/Materials/LOD5/0_Main/Main_V4_Mat.mat
  artifactKey: Guid(310055d73ea47214baedfdf47c6f93c5) Importer(815301076,1909f56bfc062723c751e8b465ee728b)
Start importing Assets/Class 2th (Export Packagepa/Raptor3D/FA_N26/Materials/LOD5/0_Main/Main_V4_Mat.mat using Guid(310055d73ea47214baedfdf47c6f93c5) Importer(815301076,1909f56bfc062723c751e8b465ee728b)  -> (artifact id: 'd0ddfc724f9252fc41df499ee9110a98') in 0.011901 seconds
Number of updated asset objects reloaded before import = 0
Number of asset objects unloaded after import = 3
========================================================================
Received Import Request.
  Time since last request: 0.004004 seconds.
  path: Assets/Class 2th (Export Packagepa/Raptor3D/FA_N26/Textures/LOD4/0_Main/FA_N26_LOD4_Emissive.png
  artifactKey: Guid(39a812a1bee2f594fa6c7e7e791c534f) Importer(815301076,1909f56bfc062723c751e8b465ee728b)
Start importing Assets/Class 2th (Export Packagepa/Raptor3D/FA_N26/Textures/LOD4/0_Main/FA_N26_LOD4_Emissive.png using Guid(39a812a1bee2f594fa6c7e7e791c534f) Importer(815301076,1909f56bfc062723c751e8b465ee728b)  -> (artifact id: '9f8f35b15242c6a070840cdbd5296a38') in 0.019465 seconds
Number of updated asset objects reloaded before import = 0
Number of asset objects unloaded after import = 2
========================================================================
Received Import Request.
  Time since last request: 0.004140 seconds.
  path: Assets/Class 2th (Export Packagepa/Raptor3D/FA_N26/Materials/LOD5/0_Main/Main_V1_Mat.mat
  artifactKey: Guid(8a574f80bb702e44088bd78e601be543) Importer(815301076,1909f56bfc062723c751e8b465ee728b)
Start importing Assets/Class 2th (Export Packagepa/Raptor3D/FA_N26/Materials/LOD5/0_Main/Main_V1_Mat.mat using Guid(8a574f80bb702e44088bd78e601be543) Importer(815301076,1909f56bfc062723c751e8b465ee728b)  -> (artifact id: '3cc9fa70036223133641f27f26b34deb') in 0.014395 seconds
Number of updated asset objects reloaded before import = 0
Number of asset objects unloaded after import = 3
========================================================================
Received Import Request.
  Time since last request: 0.003927 seconds.
  path: Assets/Class 2th (Export Packagepa/Raptor3D/FA_N26/Scenes/Scene_Texture/LOD_Groups.png
  artifactKey: Guid(0b77bfdfd332fae47970fcb78af64f27) Importer(815301076,1909f56bfc062723c751e8b465ee728b)
Start importing Assets/Class 2th (Export Packagepa/Raptor3D/FA_N26/Scenes/Scene_Texture/LOD_Groups.png using Guid(0b77bfdfd332fae47970fcb78af64f27) Importer(815301076,1909f56bfc062723c751e8b465ee728b)  -> (artifact id: 'bbe03e13e87261efe5e2b491fd2041ea') in 0.045828 seconds
Number of updated asset objects reloaded before import = 0
Number of asset objects unloaded after import = 3
========================================================================
Received Import Request.
  Time since last request: 0.003301 seconds.
  path: Assets/Class 2th (Export Packagepa/Raptor3D/FA_N26/Textures/LOD5
  artifactKey: Guid(16a64c52bfd45ff488942311a038c655) Importer(815301076,1909f56bfc062723c751e8b465ee728b)
Start importing Assets/Class 2th (Export Packagepa/Raptor3D/FA_N26/Textures/LOD5 using Guid(16a64c52bfd45ff488942311a038c655) Importer(815301076,1909f56bfc062723c751e8b465ee728b)  -> (artifact id: '71d91124593e694b3ff394b70e3816bb') in 0.000692 seconds
Number of updated asset objects reloaded before import = 0
Number of asset objects unloaded after import = 0
========================================================================
Received Import Request.
  Time since last request: 0.004028 seconds.
  path: Assets/Class 2th (Export Packagepa/Raptor3D/FA_N26/Materials/LOD5/0_Main/Main_V3_Mat.mat
  artifactKey: Guid(aac2e864a4dd43f42877789c89ea3c6b) Importer(815301076,1909f56bfc062723c751e8b465ee728b)
Start importing Assets/Class 2th (Export Packagepa/Raptor3D/FA_N26/Materials/LOD5/0_Main/Main_V3_Mat.mat using Guid(aac2e864a4dd43f42877789c89ea3c6b) Importer(815301076,1909f56bfc062723c751e8b465ee728b)  -> (artifact id: '23b7fdeef235c1d230bb477eacca89d0') in 0.011340 seconds
Number of updated asset objects reloaded before import = 0
Number of asset objects unloaded after import = 3
========================================================================
Received Import Request.
  Time since last request: 0.004370 seconds.
  path: Assets/Class 2th (Export Packagepa/Raptor3D/FA_N26/Textures/LOD4/0_Main/FA_N26_LOD4_Camo_4.png
  artifactKey: Guid(46feae6e1ce3015409b72bd12d503fc1) Importer(815301076,1909f56bfc062723c751e8b465ee728b)
Start importing Assets/Class 2th (Export Packagepa/Raptor3D/FA_N26/Textures/LOD4/0_Main/FA_N26_LOD4_Camo_4.png using Guid(46feae6e1ce3015409b72bd12d503fc1) Importer(815301076,1909f56bfc062723c751e8b465ee728b)  -> (artifact id: '4bcc66bbffef5ac44aa32f2da1167123') in 0.020691 seconds
Number of updated asset objects reloaded before import = 0
Number of asset objects unloaded after import = 2
========================================================================
Received Import Request.
  Time since last request: 0.002890 seconds.
  path: Assets/Class 2th (Export Packagepa/Raptor3D/FA_N26/Materials
  artifactKey: Guid(f5d5f7353c2ab524b8d8395b885efd14) Importer(815301076,1909f56bfc062723c751e8b465ee728b)
Start importing Assets/Class 2th (Export Packagepa/Raptor3D/FA_N26/Materials using Guid(f5d5f7353c2ab524b8d8395b885efd14) Importer(815301076,1909f56bfc062723c751e8b465ee728b)  -> (artifact id: 'f566b1d98adebf85cd58d4fce4b1c363') in 0.000642 seconds
Number of updated asset objects reloaded before import = 0
Number of asset objects unloaded after import = 0
========================================================================
Received Import Request.
  Time since last request: 0.007423 seconds.
  path: Assets/Class 2th (Export Packagepa/Raptor3D/FA_N26/Materials/LOD4
  artifactKey: Guid(ac6c3af101ca5fb4383fc60f461dbeaa) Importer(815301076,1909f56bfc062723c751e8b465ee728b)
Start importing Assets/Class 2th (Export Packagepa/Raptor3D/FA_N26/Materials/LOD4 using Guid(ac6c3af101ca5fb4383fc60f461dbeaa) Importer(815301076,1909f56bfc062723c751e8b465ee728b)  -> (artifact id: '62168131969648242fcd726253d91701') in 0.000833 seconds
Number of updated asset objects reloaded before import = 0
Number of asset objects unloaded after import = 0
========================================================================
Received Import Request.
  Time since last request: 0.004032 seconds.
  path: Assets/Class 2th (Export Packagepa/Raptor3D/FA_N26/Scenes/Scene_Texture/Texture_Variants.png
  artifactKey: Guid(2a0afaac2820e114889a4eff3ad6ce25) Importer(815301076,1909f56bfc062723c751e8b465ee728b)
Start importing Assets/Class 2th (Export Packagepa/Raptor3D/FA_N26/Scenes/Scene_Texture/Texture_Variants.png using Guid(2a0afaac2820e114889a4eff3ad6ce25) Importer(815301076,1909f56bfc062723c751e8b465ee728b)  -> (artifact id: 'fa9940df39d4a05f83475ca25fc2b533') in 0.019695 seconds
Number of updated asset objects reloaded before import = 0
Number of asset objects unloaded after import = 3
========================================================================
Received Import Request.
  Time since last request: 0.003053 seconds.
  path: Assets/Class 2th (Export Packagepa/Raptor3D/FA_N26/Materials/LOD4/0_Main
  artifactKey: Guid(6726da75cc605b4449b41a304193052b) Importer(815301076,1909f56bfc062723c751e8b465ee728b)
Start importing Assets/Class 2th (Export Packagepa/Raptor3D/FA_N26/Materials/LOD4/0_Main using Guid(6726da75cc605b4449b41a304193052b) Importer(815301076,1909f56bfc062723c751e8b465ee728b)  -> (artifact id: '6776a803055d7f2b1708f1bc0bdd3bbd') in 0.000627 seconds
Number of updated asset objects reloaded before import = 0
Number of asset objects unloaded after import = 0
========================================================================
Received Import Request.
  Time since last request: 0.004003 seconds.
  path: Assets/Class 2th (Export Packagepa/Raptor3D/FA_N26/Textures/LOD5/0_Main/FA_N26_LOD5_Emissive.png
  artifactKey: Guid(57f3099725467e3499e755bfa45ae94f) Importer(815301076,1909f56bfc062723c751e8b465ee728b)
Start importing Assets/Class 2th (Export Packagepa/Raptor3D/FA_N26/Textures/LOD5/0_Main/FA_N26_LOD5_Emissive.png using Guid(57f3099725467e3499e755bfa45ae94f) Importer(815301076,1909f56bfc062723c751e8b465ee728b)  -> (artifact id: '5b876b043ad08e299c757f6a1bf78263') in 0.017385 seconds
Number of updated asset objects reloaded before import = 0
Number of asset objects unloaded after import = 2
========================================================================
Received Import Request.
  Time since last request: 0.003121 seconds.
  path: Assets/Class 2th (Export Packagepa/Raptor3D/FA_N26/Materials/LOD5/0_Main
  artifactKey: Guid(16c55a28928cc5945bd978bba05598df) Importer(815301076,1909f56bfc062723c751e8b465ee728b)
Start importing Assets/Class 2th (Export Packagepa/Raptor3D/FA_N26/Materials/LOD5/0_Main using Guid(16c55a28928cc5945bd978bba05598df) Importer(815301076,1909f56bfc062723c751e8b465ee728b)  -> (artifact id: '620575f0630768902aca3e7bc3e460be') in 0.000608 seconds
Number of updated asset objects reloaded before import = 0
Number of asset objects unloaded after import = 0
========================================================================
Received Import Request.
  Time since last request: 0.002344 seconds.
  path: Assets/Class 2th (Export Packagepa/Raptor3D/FA_N26/Textures
  artifactKey: Guid(109a738f3ed45584cb15eb72e79c6c51) Importer(815301076,1909f56bfc062723c751e8b465ee728b)
Start importing Assets/Class 2th (Export Packagepa/Raptor3D/FA_N26/Textures using Guid(109a738f3ed45584cb15eb72e79c6c51) Importer(815301076,1909f56bfc062723c751e8b465ee728b)  -> (artifact id: '9fdd7d11774397ddeab9b2deb3f890a3') in 0.000518 seconds
Number of updated asset objects reloaded before import = 0
Number of asset objects unloaded after import = 0
========================================================================
Received Import Request.
  Time since last request: 0.003593 seconds.
  path: Assets/Class 2th (Export Packagepa/Raptor3D/FA_N26/Textures/LOD4/0_Main/FA_N26_LOD4_Camo_1.png
  artifactKey: Guid(d8f86f6f95f240c47ab829bbcdf85c5e) Importer(815301076,1909f56bfc062723c751e8b465ee728b)
Start importing Assets/Class 2th (Export Packagepa/Raptor3D/FA_N26/Textures/LOD4/0_Main/FA_N26_LOD4_Camo_1.png using Guid(d8f86f6f95f240c47ab829bbcdf85c5e) Importer(815301076,1909f56bfc062723c751e8b465ee728b)  -> (artifact id: '931c4dcff268b91a2202fe16df1163ee') in 0.019344 seconds
Number of updated asset objects reloaded before import = 0
Number of asset objects unloaded after import = 2
========================================================================
Received Import Request.
  Time since last request: 0.022126 seconds.
  path: Assets/Class 2th (Export Packagepa/Raptor3D/FA_N26/Textures/LOD4
  artifactKey: Guid(7eb394cacc2216b48800358f3227906c) Importer(815301076,1909f56bfc062723c751e8b465ee728b)
Start importing Assets/Class 2th (Export Packagepa/Raptor3D/FA_N26/Textures/LOD4 using Guid(7eb394cacc2216b48800358f3227906c) Importer(815301076,1909f56bfc062723c751e8b465ee728b)  -> (artifact id: 'ffa6ecbcd455cf31cea1663340c6d070') in 0.000742 seconds
Number of updated asset objects reloaded before import = 0
Number of asset objects unloaded after import = 0
========================================================================
Received Import Request.
  Time since last request: 0.002270 seconds.
  path: Assets/Class 2th (Export Packagepa/Raptor3D/FA_N26/Scenes
  artifactKey: Guid(eba0b61228e2c9e469f92d5ed52ffedb) Importer(815301076,1909f56bfc062723c751e8b465ee728b)
Start importing Assets/Class 2th (Export Packagepa/Raptor3D/FA_N26/Scenes using Guid(eba0b61228e2c9e469f92d5ed52ffedb) Importer(815301076,1909f56bfc062723c751e8b465ee728b)  -> (artifact id: 'c2059745108b12a666ccba2e3f730f77') in 0.000532 seconds
Number of updated asset objects reloaded before import = 0
Number of asset objects unloaded after import = 0
========================================================================
Received Import Request.
  Time since last request: 0.003488 seconds.
  path: Assets/Class 2th (Export Packagepa/Raptor3D/FA_N26/Materials/LOD4/0_Main/Main_V3_Mat.mat
  artifactKey: Guid(44935539bfbce6a47ab16358df3e9c43) Importer(815301076,1909f56bfc062723c751e8b465ee728b)
Start importing Assets/Class 2th (Export Packagepa/Raptor3D/FA_N26/Materials/LOD4/0_Main/Main_V3_Mat.mat using Guid(44935539bfbce6a47ab16358df3e9c43) Importer(815301076,1909f56bfc062723c751e8b465ee728b)  -> (artifact id: 'a9e2b7fc005837ad73420a66fef42421') in 0.011660 seconds
Number of updated asset objects reloaded before import = 0
Number of asset objects unloaded after import = 3
========================================================================
Received Import Request.
  Time since last request: 0.004014 seconds.
  path: Assets/Class 2th (Export Packagepa/Raptor3D/FA_N26/Textures/LOD5/0_Main
  artifactKey: Guid(6980dd233dc80b64b996ddc005830d35) Importer(815301076,1909f56bfc062723c751e8b465ee728b)
Start importing Assets/Class 2th (Export Packagepa/Raptor3D/FA_N26/Textures/LOD5/0_Main using Guid(6980dd233dc80b64b996ddc005830d35) Importer(815301076,1909f56bfc062723c751e8b465ee728b)  -> (artifact id: '7ec71ec815632158766b785838233824') in 0.000865 seconds
Number of updated asset objects reloaded before import = 0
Number of asset objects unloaded after import = 0
========================================================================
Received Import Request.
  Time since last request: 0.004596 seconds.
  path: Assets/Class 2th (Export Packagepa/Raptor3D/FA_N26/Textures/LOD5/0_Main/FA_N26_LOD5_Camo_5.png
  artifactKey: Guid(90b546b9703d7ef4daf7dc2267ba0b8a) Importer(815301076,1909f56bfc062723c751e8b465ee728b)
Start importing Assets/Class 2th (Export Packagepa/Raptor3D/FA_N26/Textures/LOD5/0_Main/FA_N26_LOD5_Camo_5.png using Guid(90b546b9703d7ef4daf7dc2267ba0b8a) Importer(815301076,1909f56bfc062723c751e8b465ee728b)  -> (artifact id: '7cfa8fac10a3f29444edb735bd0b7d78') in 0.021696 seconds
Number of updated asset objects reloaded before import = 0
Number of asset objects unloaded after import = 2
========================================================================
Received Import Request.
  Time since last request: 0.004433 seconds.
  path: Assets/Class 2th (Export Packagepa/Raptor3D/FA_N26/Materials/LOD4/0_Main/Main_V4_Mat.mat
  artifactKey: Guid(bacc8b4f3c28dc94aaac2360e2cc0482) Importer(815301076,1909f56bfc062723c751e8b465ee728b)
Start importing Assets/Class 2th (Export Packagepa/Raptor3D/FA_N26/Materials/LOD4/0_Main/Main_V4_Mat.mat using Guid(bacc8b4f3c28dc94aaac2360e2cc0482) Importer(815301076,1909f56bfc062723c751e8b465ee728b)  -> (artifact id: '165818c7c9f6a9b37a73ce4c1e23eb35') in 0.037738 seconds
Number of updated asset objects reloaded before import = 0
Number of asset objects unloaded after import = 3
========================================================================
Received Prepare
Begin MonoManager ReloadAssembly
- Loaded All Assemblies, in  1.082 seconds
Refreshing native plugins compatible for Editor in 16.29 ms, found 3 plugins.
Native extension for WindowsStandalone target not found
Native extension for iOS target not found
Native extension for Android target not found
[Package Manager] Server::EnsureServerProcessIsRunning -- launch failed, reason: Unity was launched with the -noUpm command-line argument
[Package Manager] UpmClient::Send -- Unable to send message (not connected to UPM process).
[Package Manager] Cannot connect to Unity Package Manager local server
Mono: successfully reloaded assembly
- Finished resetting the current domain, in  5.337 seconds
Domain Reload Profiling: 6417ms
	BeginReloadAssembly (273ms)
		ExecutionOrderSort (0ms)
		DisableScriptedObjects (8ms)
		BackupInstance (0ms)
		ReleaseScriptingObjects (0ms)
		CreateAndSetChildDomain (53ms)
	RebuildCommonClasses (54ms)
	RebuildNativeTypeToScriptingClass (18ms)
	initialDomainReloadingComplete (49ms)
	LoadAllAssembliesAndSetupDomain (685ms)
		LoadAssemblies (832ms)
		RebuildTransferFunctionScriptingTraits (0ms)
		AnalyzeDomain (24ms)
			TypeCache.Refresh (10ms)
				TypeCache.ScanAssembly (0ms)
			ScanForSourceGeneratedMonoScriptInfo (0ms)
			ResolveRequiredComponents (12ms)
	FinalizeReload (5337ms)
		ReleaseScriptCaches (0ms)
		RebuildScriptCaches (0ms)
		SetupLoadedEditorAssemblies (938ms)
			LogAssemblyErrors (0ms)
			InitializePlatformSupportModulesInManaged (92ms)
			SetLoadedEditorAssemblies (10ms)
			RefreshPlugins (0ms)
			BeforeProcessingInitializeOnLoad (134ms)
			ProcessInitializeOnLoadAttributes (617ms)
			ProcessInitializeOnLoadMethodAttributes (49ms)
			AfterProcessingInitializeOnLoad (21ms)
			EditorAssembliesLoaded (15ms)
		ExecutionOrderSort2 (0ms)
		AwakeInstancesAfterBackupRestoration (49ms)
Refreshing native plugins compatible for Editor in 6.06 ms, found 3 plugins.
Preloading 0 native plugins for Editor in 0.00 ms.
Unloading 3084 Unused Serialized files (Serialized files now loaded: 0)
Unloading 23 unused Assets / (31.2 KB). Loaded Objects now: 3606.
Memory consumption went from 132.7 MB to 132.6 MB.
Total: 4.807500 ms (FindLiveObjects: 0.335400 ms CreateObjectMapping: 0.347700 ms MarkObjects: 3.970600 ms  DeleteObjects: 0.152400 ms)

Prepare: number of updated asset objects reloaded= 0
AssetImportParameters requested are different than current active one (requested -> active):
  custom:container-demuxer-ogg: 62fdf1f143b41e24485cea50d1cbac27 -> 
  custom:video-codec-MediaFoundation-h265: 746d11721c4dcdbdad8f713fa42b33f4 -> 
  custom:video-decoder-ogg-theora: a1e56fd34408186e4bbccfd4996cb3dc -> 
  custom:framework-win-MediaFoundation: 216162199b28c13a410421893ffa2e32 -> 
  custom:CustomObjectIndexerAttribute: 6d391050e5a25f67b0a2c618074f2cd9 -> 
  custom:container-demuxer-webm: 4f35f7cbe854078d1ac9338744f61a02 -> 
  custom:container-muxer-webm: aa71ff27fc2769a1b78a27578f13a17b -> 
  custom:video-decoder-webm-vp8: 9c59270c3fd7afecdb556c50c9e8de78 -> 
  custom:SearchIndexIgnoredProperties: e643bd26f0fe6173181afceb89e7c659 -> 
  custom:AudioImporter_EditorPlatform: d09bf68614088b80899f8185d706f6e7 -> 
  custom:video-encoder-webm-vp8: eb34c28f22e8b96e1ab97ce403110664 -> 
  custom:audio-decoder-ogg-vorbis: bf7c407c2cedff20999df2af8eb42d56 -> 
  custom:audio-encoder-webm-vorbis: bf7c407c2cedff20999df2af8eb42d56 -> 
========================================================================
Received Prepare
Begin MonoManager ReloadAssembly
- Loaded All Assemblies, in  0.853 seconds
Refreshing native plugins compatible for Editor in 9.49 ms, found 3 plugins.
Native extension for WindowsStandalone target not found
Native extension for iOS target not found
Native extension for Android target not found
[Package Manager] Server::EnsureServerProcessIsRunning -- launch failed, reason: Unity was launched with the -noUpm command-line argument
[Package Manager] UpmClient::Send -- Unable to send message (not connected to UPM process).
[Package Manager] Cannot connect to Unity Package Manager local server
Mono: successfully reloaded assembly
- Finished resetting the current domain, in  3.062 seconds
Domain Reload Profiling: 3913ms
	BeginReloadAssembly (286ms)
		ExecutionOrderSort (0ms)
		DisableScriptedObjects (8ms)
		BackupInstance (0ms)
		ReleaseScriptingObjects (0ms)
		CreateAndSetChildDomain (74ms)
	RebuildCommonClasses (61ms)
	RebuildNativeTypeToScriptingClass (16ms)
	initialDomainReloadingComplete (48ms)
	LoadAllAssembliesAndSetupDomain (439ms)
		LoadAssemblies (572ms)
		RebuildTransferFunctionScriptingTraits (0ms)
		AnalyzeDomain (25ms)
			TypeCache.Refresh (11ms)
				TypeCache.ScanAssembly (0ms)
			ScanForSourceGeneratedMonoScriptInfo (0ms)
			ResolveRequiredComponents (10ms)
	FinalizeReload (3063ms)
		ReleaseScriptCaches (0ms)
		RebuildScriptCaches (0ms)
		SetupLoadedEditorAssemblies (1248ms)
			LogAssemblyErrors (0ms)
			InitializePlatformSupportModulesInManaged (129ms)
			SetLoadedEditorAssemblies (8ms)
			RefreshPlugins (0ms)
			BeforeProcessingInitializeOnLoad (288ms)
			ProcessInitializeOnLoadAttributes (746ms)
			ProcessInitializeOnLoadMethodAttributes (62ms)
			AfterProcessingInitializeOnLoad (14ms)
			EditorAssembliesLoaded (0ms)
		ExecutionOrderSort2 (0ms)
		AwakeInstancesAfterBackupRestoration (48ms)
Refreshing native plugins compatible for Editor in 11.39 ms, found 3 plugins.
Preloading 0 native plugins for Editor in 0.00 ms.
Unloading 3085 Unused Serialized files (Serialized files now loaded: 0)
Unloading 23 unused Assets / (31.1 KB). Loaded Objects now: 3609.
Memory consumption went from 134.9 MB to 134.9 MB.
Total: 4.968500 ms (FindLiveObjects: 0.478300 ms CreateObjectMapping: 0.357900 ms MarkObjects: 4.073300 ms  DeleteObjects: 0.057700 ms)

Prepare: number of updated asset objects reloaded= 0
AssetImportParameters requested are different than current active one (requested -> active):
  custom:container-demuxer-ogg: 62fdf1f143b41e24485cea50d1cbac27 -> 
  custom:video-codec-MediaFoundation-h265: 746d11721c4dcdbdad8f713fa42b33f4 -> 
  custom:video-decoder-ogg-theora: a1e56fd34408186e4bbccfd4996cb3dc -> 
  custom:framework-win-MediaFoundation: 216162199b28c13a410421893ffa2e32 -> 
  custom:CustomObjectIndexerAttribute: 6d391050e5a25f67b0a2c618074f2cd9 -> 
  custom:container-demuxer-webm: 4f35f7cbe854078d1ac9338744f61a02 -> 
  custom:container-muxer-webm: aa71ff27fc2769a1b78a27578f13a17b -> 
  custom:video-decoder-webm-vp8: 9c59270c3fd7afecdb556c50c9e8de78 -> 
  custom:SearchIndexIgnoredProperties: e643bd26f0fe6173181afceb89e7c659 -> 
  custom:AudioImporter_EditorPlatform: d09bf68614088b80899f8185d706f6e7 -> 
  custom:video-encoder-webm-vp8: eb34c28f22e8b96e1ab97ce403110664 -> 
  custom:audio-decoder-ogg-vorbis: bf7c407c2cedff20999df2af8eb42d56 -> 
  custom:audio-encoder-webm-vorbis: bf7c407c2cedff20999df2af8eb42d56 -> 
========================================================================
Received Prepare
Begin MonoManager ReloadAssembly
- Loaded All Assemblies, in  0.812 seconds
Refreshing native plugins compatible for Editor in 10.38 ms, found 3 plugins.
Native extension for WindowsStandalone target not found
Native extension for iOS target not found
Native extension for Android target not found
[Package Manager] Server::EnsureServerProcessIsRunning -- launch failed, reason: Unity was launched with the -noUpm command-line argument
[Package Manager] UpmClient::Send -- Unable to send message (not connected to UPM process).
[Package Manager] Cannot connect to Unity Package Manager local server
Mono: successfully reloaded assembly
- Finished resetting the current domain, in  1.654 seconds
Domain Reload Profiling: 2463ms
	BeginReloadAssembly (272ms)
		ExecutionOrderSort (0ms)
		DisableScriptedObjects (9ms)
		BackupInstance (0ms)
		ReleaseScriptingObjects (0ms)
		CreateAndSetChildDomain (48ms)
	RebuildCommonClasses (51ms)
	RebuildNativeTypeToScriptingClass (17ms)
	initialDomainReloadingComplete (48ms)
	LoadAllAssembliesAndSetupDomain (420ms)
		LoadAssemblies (567ms)
		RebuildTransferFunctionScriptingTraits (0ms)
		AnalyzeDomain (31ms)
			TypeCache.Refresh (13ms)
				TypeCache.ScanAssembly (0ms)
			ScanForSourceGeneratedMonoScriptInfo (0ms)
			ResolveRequiredComponents (15ms)
	FinalizeReload (1654ms)
		ReleaseScriptCaches (0ms)
		RebuildScriptCaches (0ms)
		SetupLoadedEditorAssemblies (619ms)
			LogAssemblyErrors (0ms)
			InitializePlatformSupportModulesInManaged (60ms)
			SetLoadedEditorAssemblies (8ms)
			RefreshPlugins (0ms)
			BeforeProcessingInitializeOnLoad (88ms)
			ProcessInitializeOnLoadAttributes (416ms)
			ProcessInitializeOnLoadMethodAttributes (36ms)
			AfterProcessingInitializeOnLoad (11ms)
			EditorAssembliesLoaded (0ms)
		ExecutionOrderSort2 (0ms)
		AwakeInstancesAfterBackupRestoration (37ms)
Refreshing native plugins compatible for Editor in 5.50 ms, found 3 plugins.
Preloading 0 native plugins for Editor in 0.00 ms.
Unloading 3085 Unused Serialized files (Serialized files now loaded: 0)
Unloading 23 unused Assets / (31.1 KB). Loaded Objects now: 3612.
Memory consumption went from 136.8 MB to 136.8 MB.
Total: 3.688700 ms (FindLiveObjects: 0.367800 ms CreateObjectMapping: 0.306800 ms MarkObjects: 2.931000 ms  DeleteObjects: 0.082100 ms)

Prepare: number of updated asset objects reloaded= 0
AssetImportParameters requested are different than current active one (requested -> active):
  custom:container-demuxer-ogg: 62fdf1f143b41e24485cea50d1cbac27 -> 
  custom:video-codec-MediaFoundation-h265: 746d11721c4dcdbdad8f713fa42b33f4 -> 
  custom:video-decoder-ogg-theora: a1e56fd34408186e4bbccfd4996cb3dc -> 
  custom:framework-win-MediaFoundation: 216162199b28c13a410421893ffa2e32 -> 
  custom:CustomObjectIndexerAttribute: 6d391050e5a25f67b0a2c618074f2cd9 -> 
  custom:container-demuxer-webm: 4f35f7cbe854078d1ac9338744f61a02 -> 
  custom:container-muxer-webm: aa71ff27fc2769a1b78a27578f13a17b -> 
  custom:video-decoder-webm-vp8: 9c59270c3fd7afecdb556c50c9e8de78 -> 
  custom:SearchIndexIgnoredProperties: e643bd26f0fe6173181afceb89e7c659 -> 
  custom:AudioImporter_EditorPlatform: d09bf68614088b80899f8185d706f6e7 -> 
  custom:video-encoder-webm-vp8: eb34c28f22e8b96e1ab97ce403110664 -> 
  custom:audio-decoder-ogg-vorbis: bf7c407c2cedff20999df2af8eb42d56 -> 
  custom:audio-encoder-webm-vorbis: bf7c407c2cedff20999df2af8eb42d56 -> 
========================================================================
Received Prepare
Begin MonoManager ReloadAssembly
- Loaded All Assemblies, in  1.019 seconds
Refreshing native plugins compatible for Editor in 8.19 ms, found 3 plugins.
Native extension for WindowsStandalone target not found
Native extension for iOS target not found
Native extension for Android target not found
[Package Manager] Server::EnsureServerProcessIsRunning -- launch failed, reason: Unity was launched with the -noUpm command-line argument
[Package Manager] UpmClient::Send -- Unable to send message (not connected to UPM process).
[Package Manager] Cannot connect to Unity Package Manager local server
Mono: successfully reloaded assembly
- Finished resetting the current domain, in  2.729 seconds
Domain Reload Profiling: 3746ms
	BeginReloadAssembly (299ms)
		ExecutionOrderSort (0ms)
		DisableScriptedObjects (8ms)
		BackupInstance (0ms)
		ReleaseScriptingObjects (0ms)
		CreateAndSetChildDomain (60ms)
	RebuildCommonClasses (56ms)
	RebuildNativeTypeToScriptingClass (102ms)
	initialDomainReloadingComplete (51ms)
	LoadAllAssembliesAndSetupDomain (508ms)
		LoadAssemblies (675ms)
		RebuildTransferFunctionScriptingTraits (0ms)
		AnalyzeDomain (25ms)
			TypeCache.Refresh (12ms)
				TypeCache.ScanAssembly (0ms)
			ScanForSourceGeneratedMonoScriptInfo (0ms)
			ResolveRequiredComponents (11ms)
	FinalizeReload (2730ms)
		ReleaseScriptCaches (0ms)
		RebuildScriptCaches (0ms)
		SetupLoadedEditorAssemblies (1075ms)
			LogAssemblyErrors (0ms)
			InitializePlatformSupportModulesInManaged (91ms)
			SetLoadedEditorAssemblies (8ms)
			RefreshPlugins (0ms)
			BeforeProcessingInitializeOnLoad (199ms)
			ProcessInitializeOnLoadAttributes (699ms)
			ProcessInitializeOnLoadMethodAttributes (51ms)
			AfterProcessingInitializeOnLoad (27ms)
			EditorAssembliesLoaded (0ms)
		ExecutionOrderSort2 (0ms)
		AwakeInstancesAfterBackupRestoration (84ms)
Refreshing native plugins compatible for Editor in 13.73 ms, found 3 plugins.
Preloading 0 native plugins for Editor in 0.00 ms.
Unloading 3085 Unused Serialized files (Serialized files now loaded: 0)
Unloading 23 unused Assets / (31.1 KB). Loaded Objects now: 3615.
Memory consumption went from 138.7 MB to 138.7 MB.
Total: 17.947400 ms (FindLiveObjects: 0.612300 ms CreateObjectMapping: 0.566000 ms MarkObjects: 16.622300 ms  DeleteObjects: 0.145300 ms)

Prepare: number of updated asset objects reloaded= 0
AssetImportParameters requested are different than current active one (requested -> active):
  custom:container-demuxer-ogg: 62fdf1f143b41e24485cea50d1cbac27 -> 
  custom:video-codec-MediaFoundation-h265: 746d11721c4dcdbdad8f713fa42b33f4 -> 
  custom:video-decoder-ogg-theora: a1e56fd34408186e4bbccfd4996cb3dc -> 
  custom:framework-win-MediaFoundation: 216162199b28c13a410421893ffa2e32 -> 
  custom:CustomObjectIndexerAttribute: 6d391050e5a25f67b0a2c618074f2cd9 -> 
  custom:container-demuxer-webm: 4f35f7cbe854078d1ac9338744f61a02 -> 
  custom:container-muxer-webm: aa71ff27fc2769a1b78a27578f13a17b -> 
  custom:video-decoder-webm-vp8: 9c59270c3fd7afecdb556c50c9e8de78 -> 
  custom:SearchIndexIgnoredProperties: e643bd26f0fe6173181afceb89e7c659 -> 
  custom:AudioImporter_EditorPlatform: d09bf68614088b80899f8185d706f6e7 -> 
  custom:video-encoder-webm-vp8: eb34c28f22e8b96e1ab97ce403110664 -> 
  custom:audio-decoder-ogg-vorbis: bf7c407c2cedff20999df2af8eb42d56 -> 
  custom:audio-encoder-webm-vorbis: bf7c407c2cedff20999df2af8eb42d56 -> 
========================================================================
Received Import Request.
  Time since last request: 1791.919854 seconds.
  path: Assets/Class 2th (Export Packagepa/New Folder
  artifactKey: Guid(787610a0234c9e5458cfcb8e4b5a4397) Importer(815301076,1909f56bfc062723c751e8b465ee728b)
Start importing Assets/Class 2th (Export Packagepa/New Folder using Guid(787610a0234c9e5458cfcb8e4b5a4397) Importer(815301076,1909f56bfc062723c751e8b465ee728b)  -> (artifact id: '9234f117780d6eb6487cf0032def0a61') in 0.011820 seconds
Number of updated asset objects reloaded before import = 0
Number of asset objects unloaded after import = 0
========================================================================
Received Import Request.
  Time since last request: 5.509982 seconds.
  path: Assets/Class 2th (Export Packagepa/Scripts
  artifactKey: Guid(787610a0234c9e5458cfcb8e4b5a4397) Importer(815301076,1909f56bfc062723c751e8b465ee728b)
Start importing Assets/Class 2th (Export Packagepa/Scripts using Guid(787610a0234c9e5458cfcb8e4b5a4397) Importer(815301076,1909f56bfc062723c751e8b465ee728b)  -> (artifact id: '7f96d47cb0996ce5316cb17f380438a5') in 0.000856 seconds
Number of updated asset objects reloaded before import = 0
Number of asset objects unloaded after import = 0
========================================================================
Received Import Request.
  Time since last request: 16.140251 seconds.
  path: Assets/Class 2th (Export Packagepa/Scripts/NewBehaviourScript.cs
  artifactKey: Guid(35afb9d13f7ae66459105d50a1119ce1) Importer(815301076,1909f56bfc062723c751e8b465ee728b)
Start importing Assets/Class 2th (Export Packagepa/Scripts/NewBehaviourScript.cs using Guid(35afb9d13f7ae66459105d50a1119ce1) Importer(815301076,1909f56bfc062723c751e8b465ee728b)  -> (artifact id: '15e178967995511e58d648c1d4870785') in 0.001585 seconds
Number of updated asset objects reloaded before import = 0
Number of asset objects unloaded after import = 0
========================================================================
Received Prepare
Begin MonoManager ReloadAssembly
- Loaded All Assemblies, in  0.857 seconds
Refreshing native plugins compatible for Editor in 5.12 ms, found 3 plugins.
Native extension for WindowsStandalone target not found
Native extension for iOS target not found
Native extension for Android target not found
[Package Manager] Server::EnsureServerProcessIsRunning -- launch failed, reason: Unity was launched with the -noUpm command-line argument
[Package Manager] UpmClient::Send -- Unable to send message (not connected to UPM process).
[Package Manager] Cannot connect to Unity Package Manager local server
Mono: successfully reloaded assembly
- Finished resetting the current domain, in  1.690 seconds
Domain Reload Profiling: 2545ms
	BeginReloadAssembly (286ms)
		ExecutionOrderSort (0ms)
		DisableScriptedObjects (9ms)
		BackupInstance (0ms)
		ReleaseScriptingObjects (0ms)
		CreateAndSetChildDomain (56ms)
	RebuildCommonClasses (52ms)
	RebuildNativeTypeToScriptingClass (21ms)
	initialDomainReloadingComplete (56ms)
	LoadAllAssembliesAndSetupDomain (439ms)
		LoadAssemblies (588ms)
		RebuildTransferFunctionScriptingTraits (0ms)
		AnalyzeDomain (30ms)
			TypeCache.Refresh (14ms)
				TypeCache.ScanAssembly (0ms)
			ScanForSourceGeneratedMonoScriptInfo (9ms)
			ResolveRequiredComponents (6ms)
	FinalizeReload (1691ms)
		ReleaseScriptCaches (0ms)
		RebuildScriptCaches (0ms)
		SetupLoadedEditorAssemblies (611ms)
			LogAssemblyErrors (0ms)
			InitializePlatformSupportModulesInManaged (59ms)
			SetLoadedEditorAssemblies (6ms)
			RefreshPlugins (0ms)
			BeforeProcessingInitializeOnLoad (106ms)
			ProcessInitializeOnLoadAttributes (394ms)
			ProcessInitializeOnLoadMethodAttributes (34ms)
			AfterProcessingInitializeOnLoad (11ms)
			EditorAssembliesLoaded (0ms)
		ExecutionOrderSort2 (0ms)
		AwakeInstancesAfterBackupRestoration (47ms)
Refreshing native plugins compatible for Editor in 5.89 ms, found 3 plugins.
Preloading 0 native plugins for Editor in 0.00 ms.
Unloading 3085 Unused Serialized files (Serialized files now loaded: 0)
Unloading 23 unused Assets / (31.2 KB). Loaded Objects now: 3619.
Memory consumption went from 140.5 MB to 140.4 MB.
Total: 4.623900 ms (FindLiveObjects: 0.452000 ms CreateObjectMapping: 0.344000 ms MarkObjects: 3.758400 ms  DeleteObjects: 0.068300 ms)

Prepare: number of updated asset objects reloaded= 0
AssetImportParameters requested are different than current active one (requested -> active):
  custom:container-demuxer-ogg: 62fdf1f143b41e24485cea50d1cbac27 -> 
  custom:video-codec-MediaFoundation-h265: 746d11721c4dcdbdad8f713fa42b33f4 -> 
  custom:video-decoder-ogg-theora: a1e56fd34408186e4bbccfd4996cb3dc -> 
  custom:framework-win-MediaFoundation: 216162199b28c13a410421893ffa2e32 -> 
  custom:CustomObjectIndexerAttribute: 6d391050e5a25f67b0a2c618074f2cd9 -> 
  custom:container-demuxer-webm: 4f35f7cbe854078d1ac9338744f61a02 -> 
  custom:container-muxer-webm: aa71ff27fc2769a1b78a27578f13a17b -> 
  custom:video-decoder-webm-vp8: 9c59270c3fd7afecdb556c50c9e8de78 -> 
  custom:SearchIndexIgnoredProperties: e643bd26f0fe6173181afceb89e7c659 -> 
  custom:AudioImporter_EditorPlatform: d09bf68614088b80899f8185d706f6e7 -> 
  custom:video-encoder-webm-vp8: eb34c28f22e8b96e1ab97ce403110664 -> 
  custom:audio-decoder-ogg-vorbis: bf7c407c2cedff20999df2af8eb42d56 -> 
  custom:audio-encoder-webm-vorbis: bf7c407c2cedff20999df2af8eb42d56 -> 
========================================================================
Received Import Request.
  Time since last request: 21.158335 seconds.
  path: Assets/Class 2th (Export Packagepa/Scripts/NewBehaviourScript.cs
  artifactKey: Guid(35afb9d13f7ae66459105d50a1119ce1) Importer(815301076,1909f56bfc062723c751e8b465ee728b)
Start importing Assets/Class 2th (Export Packagepa/Scripts/NewBehaviourScript.cs using Guid(35afb9d13f7ae66459105d50a1119ce1) Importer(815301076,1909f56bfc062723c751e8b465ee728b)  -> (artifact id: 'eafda79f07be90d6ceb8a2150c8399e3') in 0.003070 seconds
Number of updated asset objects reloaded before import = 0
Number of asset objects unloaded after import = 0
========================================================================
Received Import Request.
  Time since last request: 2410.899584 seconds.
  path: Assets/Class 2th (Export Packagepa/Scripts/NewBehaviourScript.cs
  artifactKey: Guid(35afb9d13f7ae66459105d50a1119ce1) Importer(815301076,1909f56bfc062723c751e8b465ee728b)
Start importing Assets/Class 2th (Export Packagepa/Scripts/NewBehaviourScript.cs using Guid(35afb9d13f7ae66459105d50a1119ce1) Importer(815301076,1909f56bfc062723c751e8b465ee728b)  -> (artifact id: '707e81eea53230270dcc16f48a80bd39') in 0.021099 seconds
Number of updated asset objects reloaded before import = 0
Number of asset objects unloaded after import = 0
========================================================================
Received Prepare
Begin MonoManager ReloadAssembly
- Loaded All Assemblies, in  4.727 seconds
Refreshing native plugins compatible for Editor in 28.99 ms, found 3 plugins.
Native extension for WindowsStandalone target not found
Native extension for iOS target not found
Native extension for Android target not found
[Package Manager] Server::EnsureServerProcessIsRunning -- launch failed, reason: Unity was launched with the -noUpm command-line argument
[Package Manager] UpmClient::Send -- Unable to send message (not connected to UPM process).
[Package Manager] Cannot connect to Unity Package Manager local server
Mono: successfully reloaded assembly
- Finished resetting the current domain, in  6.814 seconds
Domain Reload Profiling: 11532ms
	BeginReloadAssembly (745ms)
		ExecutionOrderSort (0ms)
		DisableScriptedObjects (19ms)
		BackupInstance (0ms)
		ReleaseScriptingObjects (0ms)
		CreateAndSetChildDomain (211ms)
	RebuildCommonClasses (84ms)
	RebuildNativeTypeToScriptingClass (25ms)
	initialDomainReloadingComplete (94ms)
	LoadAllAssembliesAndSetupDomain (3768ms)
		LoadAssemblies (4080ms)
		RebuildTransferFunctionScriptingTraits (0ms)
		AnalyzeDomain (114ms)
			TypeCache.Refresh (41ms)
				TypeCache.ScanAssembly (0ms)
			ScanForSourceGeneratedMonoScriptInfo (25ms)
			ResolveRequiredComponents (43ms)
	FinalizeReload (6815ms)
		ReleaseScriptCaches (0ms)
		RebuildScriptCaches (0ms)
		SetupLoadedEditorAssemblies (783ms)
			LogAssemblyErrors (0ms)
			InitializePlatformSupportModulesInManaged (113ms)
			SetLoadedEditorAssemblies (7ms)
			RefreshPlugins (0ms)
			BeforeProcessingInitializeOnLoad (110ms)
			ProcessInitializeOnLoadAttributes (507ms)
			ProcessInitializeOnLoadMethodAttributes (35ms)
			AfterProcessingInitializeOnLoad (11ms)
			EditorAssembliesLoaded (0ms)
		ExecutionOrderSort2 (0ms)
		AwakeInstancesAfterBackupRestoration (48ms)
Refreshing native plugins compatible for Editor in 49.48 ms, found 3 plugins.
Preloading 0 native plugins for Editor in 0.00 ms.
Unloading 3085 Unused Serialized files (Serialized files now loaded: 0)
Unloading 23 unused Assets / (31.2 KB). Loaded Objects now: 3622.
Memory consumption went from 142.4 MB to 142.4 MB.
Total: 21.253900 ms (FindLiveObjects: 0.611700 ms CreateObjectMapping: 0.518500 ms MarkObjects: 19.987000 ms  DeleteObjects: 0.135100 ms)

Prepare: number of updated asset objects reloaded= 0
AssetImportParameters requested are different than current active one (requested -> active):
  custom:container-demuxer-ogg: 62fdf1f143b41e24485cea50d1cbac27 -> 
  custom:video-codec-MediaFoundation-h265: 746d11721c4dcdbdad8f713fa42b33f4 -> 
  custom:video-decoder-ogg-theora: a1e56fd34408186e4bbccfd4996cb3dc -> 
  custom:framework-win-MediaFoundation: 216162199b28c13a410421893ffa2e32 -> 
  custom:CustomObjectIndexerAttribute: 6d391050e5a25f67b0a2c618074f2cd9 -> 
  custom:container-demuxer-webm: 4f35f7cbe854078d1ac9338744f61a02 -> 
  custom:container-muxer-webm: aa71ff27fc2769a1b78a27578f13a17b -> 
  custom:video-decoder-webm-vp8: 9c59270c3fd7afecdb556c50c9e8de78 -> 
  custom:SearchIndexIgnoredProperties: e643bd26f0fe6173181afceb89e7c659 -> 
  custom:AudioImporter_EditorPlatform: d09bf68614088b80899f8185d706f6e7 -> 
  custom:video-encoder-webm-vp8: eb34c28f22e8b96e1ab97ce403110664 -> 
  custom:audio-decoder-ogg-vorbis: bf7c407c2cedff20999df2af8eb42d56 -> 
  custom:audio-encoder-webm-vorbis: bf7c407c2cedff20999df2af8eb42d56 -> 
========================================================================
Received Import Request.
  Time since last request: 56.286963 seconds.
  path: Assets/Class 2th (Export Packagepa/Scripts/Code.cs
  artifactKey: Guid(35afb9d13f7ae66459105d50a1119ce1) Importer(815301076,1909f56bfc062723c751e8b465ee728b)
Start importing Assets/Class 2th (Export Packagepa/Scripts/Code.cs using Guid(35afb9d13f7ae66459105d50a1119ce1) Importer(815301076,1909f56bfc062723c751e8b465ee728b)  -> (artifact id: '3ca5a7691fa4c3b9a86a6dec81b2c1f8') in 0.039428 seconds
Number of updated asset objects reloaded before import = 0
Number of asset objects unloaded after import = 0
========================================================================
Received Prepare
Begin MonoManager ReloadAssembly
- Loaded All Assemblies, in  1.046 seconds
Refreshing native plugins compatible for Editor in 7.22 ms, found 3 plugins.
Native extension for WindowsStandalone target not found
Native extension for iOS target not found
Native extension for Android target not found
[Package Manager] Server::EnsureServerProcessIsRunning -- launch failed, reason: Unity was launched with the -noUpm command-line argument
[Package Manager] UpmClient::Send -- Unable to send message (not connected to UPM process).
[Package Manager] Cannot connect to Unity Package Manager local server
Mono: successfully reloaded assembly
- Finished resetting the current domain, in  1.946 seconds
Domain Reload Profiling: 2989ms
	BeginReloadAssembly (417ms)
		ExecutionOrderSort (0ms)
		DisableScriptedObjects (12ms)
		BackupInstance (0ms)
		ReleaseScriptingObjects (0ms)
		CreateAndSetChildDomain (72ms)
	RebuildCommonClasses (98ms)
	RebuildNativeTypeToScriptingClass (28ms)
	initialDomainReloadingComplete (50ms)
	LoadAllAssembliesAndSetupDomain (450ms)
		LoadAssemblies (690ms)
		RebuildTransferFunctionScriptingTraits (0ms)
		AnalyzeDomain (31ms)
			TypeCache.Refresh (13ms)
				TypeCache.ScanAssembly (0ms)
			ScanForSourceGeneratedMonoScriptInfo (9ms)
			ResolveRequiredComponents (7ms)
	FinalizeReload (1947ms)
		ReleaseScriptCaches (0ms)
		RebuildScriptCaches (0ms)
		SetupLoadedEditorAssemblies (680ms)
			LogAssemblyErrors (0ms)
			InitializePlatformSupportModulesInManaged (61ms)
			SetLoadedEditorAssemblies (6ms)
			RefreshPlugins (0ms)
			BeforeProcessingInitializeOnLoad (112ms)
			ProcessInitializeOnLoadAttributes (451ms)
			ProcessInitializeOnLoadMethodAttributes (41ms)
			AfterProcessingInitializeOnLoad (11ms)
			EditorAssembliesLoaded (0ms)
		ExecutionOrderSort2 (0ms)
		AwakeInstancesAfterBackupRestoration (41ms)
Refreshing native plugins compatible for Editor in 5.52 ms, found 3 plugins.
Preloading 0 native plugins for Editor in 0.00 ms.
Unloading 3085 Unused Serialized files (Serialized files now loaded: 0)
Unloading 23 unused Assets / (31.2 KB). Loaded Objects now: 3625.
Memory consumption went from 144.3 MB to 144.3 MB.
Total: 3.725600 ms (FindLiveObjects: 0.322400 ms CreateObjectMapping: 0.153500 ms MarkObjects: 3.189400 ms  DeleteObjects: 0.059200 ms)

Prepare: number of updated asset objects reloaded= 0
AssetImportParameters requested are different than current active one (requested -> active):
  custom:container-demuxer-ogg: 62fdf1f143b41e24485cea50d1cbac27 -> 
  custom:video-codec-MediaFoundation-h265: 746d11721c4dcdbdad8f713fa42b33f4 -> 
  custom:video-decoder-ogg-theora: a1e56fd34408186e4bbccfd4996cb3dc -> 
  custom:framework-win-MediaFoundation: 216162199b28c13a410421893ffa2e32 -> 
  custom:CustomObjectIndexerAttribute: 6d391050e5a25f67b0a2c618074f2cd9 -> 
  custom:container-demuxer-webm: 4f35f7cbe854078d1ac9338744f61a02 -> 
  custom:container-muxer-webm: aa71ff27fc2769a1b78a27578f13a17b -> 
  custom:video-decoder-webm-vp8: 9c59270c3fd7afecdb556c50c9e8de78 -> 
  custom:SearchIndexIgnoredProperties: e643bd26f0fe6173181afceb89e7c659 -> 
  custom:AudioImporter_EditorPlatform: d09bf68614088b80899f8185d706f6e7 -> 
  custom:video-encoder-webm-vp8: eb34c28f22e8b96e1ab97ce403110664 -> 
  custom:audio-decoder-ogg-vorbis: bf7c407c2cedff20999df2af8eb42d56 -> 
  custom:audio-encoder-webm-vorbis: bf7c407c2cedff20999df2af8eb42d56 -> 
